h:\home\projects\project\calculator\keyboard\x64\debug\keyboard.pch
h:\home\projects\project\calculator\keyboard\x64\debug\vc143.pdb
h:\home\projects\project\calculator\keyboard\x64\debug\pch.obj
h:\home\projects\project\calculator\keyboard\x64\debug\.netframework,version=v4.7.2.assemblyattributes.obj
h:\home\projects\project\calculator\keyboard\x64\debug\styles.obj
h:\home\projects\project\calculator\keyboard\x64\debug\keyboard.obj
h:\home\projects\project\calculator\keyboard\x64\debug\assemblyinfo.obj
h:\home\projects\project\calculator\x64\debug\keyboard.dll
h:\home\projects\project\calculator\x64\debug\keyboard.pdb
h:\home\projects\project\calculator\keyboard\x64\debug\app.res
h:\home\projects\project\calculator\keyboard\x64\debug\keyboard.tlog\cl.command.1.tlog
h:\home\projects\project\calculator\keyboard\x64\debug\keyboard.tlog\cl.read.1.tlog
h:\home\projects\project\calculator\keyboard\x64\debug\keyboard.tlog\cl.write.1.tlog
h:\home\projects\project\calculator\keyboard\x64\debug\keyboard.tlog\link.command.1.tlog
h:\home\projects\project\calculator\keyboard\x64\debug\keyboard.tlog\link.read.1.tlog
h:\home\projects\project\calculator\keyboard\x64\debug\keyboard.tlog\link.write.1.tlog
h:\home\projects\project\calculator\keyboard\x64\debug\keyboard.tlog\metagen.read.1.tlog
h:\home\projects\project\calculator\keyboard\x64\debug\keyboard.tlog\metagen.write.1.tlog
h:\home\projects\project\calculator\keyboard\x64\debug\keyboard.tlog\rc.command.1.tlog
h:\home\projects\project\calculator\keyboard\x64\debug\keyboard.tlog\rc.read.1.tlog
h:\home\projects\project\calculator\keyboard\x64\debug\keyboard.tlog\rc.write.1.tlog
h:\home\projects\project\calculator\keyboard\x64\debug\keyboard.tlog\resgen.command.1.tlog
h:\home\projects\project\calculator\keyboard\x64\debug\keyboard.tlog\resgen.read.1.tlog
h:\home\projects\project\calculator\keyboard\x64\debug\keyboard.tlog\resgen.write.1.tlog
